# JRE version: OpenJDK Runtime Environment (21.0.6) (build 21.0.6+-13355223-b631.42)
# Java VM: OpenJDK 64-Bit Server VM (21.0.6+-13355223-b631.42, mixed mode, tiered, compressed oops, compressed class ptrs, g1 gc, windows-amd64)
GC Precious Log:
 CardTable entry size: 512
 Card Set container configuration: InlinePtr #cards 5 size 8 Array Of Cards #cards 12 size 40 Howl #buckets 4 coarsen threshold 1843 Howl Bitmap #cards 512 size 80 coarsen threshold 460 Card regions per heap region 1 cards per card region 2048
 CPUs: 12 total, 12 available
 Memory: 16085M
 Large Page Support: Disabled
 NUMA Support: Disabled
 Compressed Oops: Enabled (32-bit)
 Heap Region Size: 1M
 Heap Min Capacity: 8M
 Heap Initial Capacity: 252M
 Heap Max Capacity: 2G
 Pre-touch: Disabled
 Parallel Workers: 10
 Concurrent Workers: 3
 Concurrent Refinement Workers: 10
 Periodic GC: Disabled
Heap:
 garbage-first heap   total 280576K, used 208104K [0x0000000080000000, 0x0000000100000000)
  region size 1024K, 24 young (24576K), 9 survivors (9216K)
 Metaspace       used 146616K, committed 149056K, reserved 1179648K
  class space    used 18580K, committed 19776K, reserved 1048576K
GC Heap History (20 events):
Event: 9.473 GC heap before
{Heap before GC invocations=31 (full 0):
 garbage-first heap   total 203776K, used 184164K [0x0000000080000000, 0x0000000100000000)
  region size 1024K, 63 young (64512K), 8 survivors (8192K)
 Metaspace       used 125145K, committed 127296K, reserved 1179648K
  class space    used 15865K, committed 16896K, reserved 1048576K
}
Event: 9.479 GC heap after
{Heap after GC invocations=32 (full 0):
 garbage-first heap   total 203776K, used 132882K [0x0000000080000000, 0x0000000100000000)
  region size 1024K, 6 young (6144K), 6 survivors (6144K)
 Metaspace       used 125145K, committed 127296K, reserved 1179648K
  class space    used 15865K, committed 16896K, reserved 1048576K
}
Event: 10.072 GC heap before
{Heap before GC invocations=33 (full 0):
 garbage-first heap   total 222208K, used 184082K [0x0000000080000000, 0x0000000100000000)
  region size 1024K, 57 young (58368K), 6 survivors (6144K)
 Metaspace       used 134001K, committed 136256K, reserved 1179648K
  class space    used 17085K, committed 18176K, reserved 1048576K
}
Event: 10.076 GC heap after
{Heap after GC invocations=34 (full 0):
 garbage-first heap   total 222208K, used 136670K [0x0000000080000000, 0x0000000100000000)
  region size 1024K, 4 young (4096K), 4 survivors (4096K)
 Metaspace       used 134001K, committed 136256K, reserved 1179648K
  class space    used 17085K, committed 18176K, reserved 1048576K
}
Event: 10.745 GC heap before
{Heap before GC invocations=34 (full 0):
 garbage-first heap   total 222208K, used 203230K [0x0000000080000000, 0x0000000100000000)
  region size 1024K, 69 young (70656K), 4 survivors (4096K)
 Metaspace       used 140047K, committed 142400K, reserved 1179648K
  class space    used 17903K, committed 19072K, reserved 1048576K
}
Event: 10.750 GC heap after
{Heap after GC invocations=35 (full 0):
 garbage-first heap   total 222208K, used 140416K [0x0000000080000000, 0x0000000100000000)
  region size 1024K, 9 young (9216K), 9 survivors (9216K)
 Metaspace       used 140047K, committed 142400K, reserved 1179648K
  class space    used 17903K, committed 19072K, reserved 1048576K
}
Event: 11.026 GC heap before
{Heap before GC invocations=35 (full 0):
 garbage-first heap   total 222208K, used 181376K [0x0000000080000000, 0x0000000100000000)
  region size 1024K, 50 young (51200K), 9 survivors (9216K)
 Metaspace       used 143020K, committed 145472K, reserved 1179648K
  class space    used 18242K, committed 19456K, reserved 1048576K
}
Event: 11.032 GC heap after
{Heap after GC invocations=36 (full 0):
 garbage-first heap   total 222208K, used 145011K [0x0000000080000000, 0x0000000100000000)
  region size 1024K, 6 young (6144K), 6 survivors (6144K)
 Metaspace       used 143020K, committed 145472K, reserved 1179648K
  class space    used 18242K, committed 19456K, reserved 1048576K
}
Event: 11.305 GC heap before
{Heap before GC invocations=37 (full 0):
 garbage-first heap   total 245760K, used 203379K [0x0000000080000000, 0x0000000100000000)
  region size 1024K, 62 young (63488K), 6 survivors (6144K)
 Metaspace       used 143700K, committed 146112K, reserved 1179648K
  class space    used 18290K, committed 19456K, reserved 1048576K
}
Event: 11.309 GC heap after
{Heap after GC invocations=38 (full 0):
 garbage-first heap   total 245760K, used 151159K [0x0000000080000000, 0x0000000100000000)
  region size 1024K, 7 young (7168K), 7 survivors (7168K)
 Metaspace       used 143700K, committed 146112K, reserved 1179648K
  class space    used 18290K, committed 19456K, reserved 1048576K
}
Event: 12.073 GC heap before
{Heap before GC invocations=38 (full 0):
 garbage-first heap   total 245760K, used 221815K [0x0000000080000000, 0x0000000100000000)
  region size 1024K, 77 young (78848K), 7 survivors (7168K)
 Metaspace       used 146016K, committed 148416K, reserved 1179648K
  class space    used 18535K, committed 19712K, reserved 1048576K
}
Event: 12.079 GC heap after
{Heap after GC invocations=39 (full 0):
 garbage-first heap   total 245760K, used 153292K [0x0000000080000000, 0x0000000100000000)
  region size 1024K, 8 young (8192K), 8 survivors (8192K)
 Metaspace       used 146016K, committed 148416K, reserved 1179648K
  class space    used 18535K, committed 19712K, reserved 1048576K
}
Event: 12.286 GC heap before
{Heap before GC invocations=39 (full 0):
 garbage-first heap   total 245760K, used 222924K [0x0000000080000000, 0x0000000100000000)
  region size 1024K, 77 young (78848K), 8 survivors (8192K)
 Metaspace       used 146275K, committed 148672K, reserved 1179648K
  class space    used 18567K, committed 19776K, reserved 1048576K
}
Event: 12.296 GC heap after
{Heap after GC invocations=40 (full 0):
 garbage-first heap   total 246784K, used 167367K [0x0000000080000000, 0x0000000100000000)
  region size 1024K, 10 young (10240K), 10 survivors (10240K)
 Metaspace       used 146275K, committed 148672K, reserved 1179648K
  class space    used 18567K, committed 19776K, reserved 1048576K
}
Event: 12.518 GC heap before
{Heap before GC invocations=41 (full 0):
 garbage-first heap   total 280576K, used 220615K [0x0000000080000000, 0x0000000100000000)
  region size 1024K, 62 young (63488K), 10 survivors (10240K)
 Metaspace       used 146307K, committed 148736K, reserved 1179648K
  class space    used 18577K, committed 19776K, reserved 1048576K
}
Event: 12.534 GC heap after
{Heap after GC invocations=42 (full 0):
 garbage-first heap   total 280576K, used 184503K [0x0000000080000000, 0x0000000100000000)
  region size 1024K, 8 young (8192K), 8 survivors (8192K)
 Metaspace       used 146307K, committed 148736K, reserved 1179648K
  class space    used 18577K, committed 19776K, reserved 1048576K
}
Event: 12.748 GC heap before
{Heap before GC invocations=42 (full 0):
 garbage-first heap   total 280576K, used 245943K [0x0000000080000000, 0x0000000100000000)
  region size 1024K, 69 young (70656K), 8 survivors (8192K)
 Metaspace       used 146496K, committed 148928K, reserved 1179648K
  class space    used 18578K, committed 19776K, reserved 1048576K
}
Event: 12.762 GC heap after
{Heap after GC invocations=43 (full 0):
 garbage-first heap   total 280576K, used 189215K [0x0000000080000000, 0x0000000100000000)
  region size 1024K, 9 young (9216K), 9 survivors (9216K)
 Metaspace       used 146496K, committed 148928K, reserved 1179648K
  class space    used 18578K, committed 19776K, reserved 1048576K
}
Event: 12.982 GC heap before
{Heap before GC invocations=43 (full 0):
 garbage-first heap   total 280576K, used 245535K [0x0000000080000000, 0x0000000100000000)
  region size 1024K, 65 young (66560K), 9 survivors (9216K)
 Metaspace       used 146602K, committed 149056K, reserved 1179648K
  class space    used 18580K, committed 19776K, reserved 1048576K
}
Event: 12.991 GC heap after
{Heap after GC invocations=44 (full 0):
 garbage-first heap   total 280576K, used 196840K [0x0000000080000000, 0x0000000100000000)
  region size 1024K, 9 young (9216K), 9 survivors (9216K)
 Metaspace       used 146602K, committed 149056K, reserved 1179648K
  class space    used 18580K, committed 19776K, reserved 1048576K
}

