# JRE version: OpenJDK Runtime Environment (21.0.6) (build 21.0.6+-13355223-b631.42)
# Java VM: OpenJDK 64-Bit Server VM (21.0.6+-13355223-b631.42, mixed mode, tiered, compressed oops, compressed class ptrs, g1 gc, windows-amd64)
GC Precious Log:
 CardTable entry size: 512
 Card Set container configuration: InlinePtr #cards 5 size 8 Array Of Cards #cards 12 size 40 Howl #buckets 4 coarsen threshold 1843 Howl Bitmap #cards 512 size 80 coarsen threshold 460 Card regions per heap region 1 cards per card region 2048
 CPUs: 12 total, 12 available
 Memory: 16085M
 Large Page Support: Disabled
 NUMA Support: Disabled
 Compressed Oops: Enabled (32-bit)
 Heap Region Size: 1M
 Heap Min Capacity: 8M
 Heap Initial Capacity: 252M
 Heap Max Capacity: 2G
 Pre-touch: Disabled
 Parallel Workers: 10
 Concurrent Workers: 3
 Concurrent Refinement Workers: 10
 Periodic GC: Disabled
Heap:
 garbage-first heap   total 157696K, used 110362K [0x0000000080000000, 0x0000000100000000)
  region size 1024K, 7 young (7168K), 3 survivors (3072K)
 Metaspace       used 90174K, committed 92032K, reserved 1179648K
  class space    used 12017K, committed 12928K, reserved 1048576K
GC Heap History (20 events):
Event: 4.316 GC heap before
{Heap before GC invocations=15 (full 0):
 garbage-first heap   total 103424K, used 89560K [0x0000000080000000, 0x0000000100000000)
  region size 1024K, 42 young (43008K), 6 survivors (6144K)
 Metaspace       used 55911K, committed 57472K, reserved 1114112K
  class space    used 7612K, committed 8384K, reserved 1048576K
}
Event: 4.320 GC heap after
{Heap after GC invocations=16 (full 0):
 garbage-first heap   total 103424K, used 55407K [0x0000000080000000, 0x0000000100000000)
  region size 1024K, 6 young (6144K), 6 survivors (6144K)
 Metaspace       used 55911K, committed 57472K, reserved 1114112K
  class space    used 7612K, committed 8384K, reserved 1048576K
}
Event: 5.292 GC heap before
{Heap before GC invocations=17 (full 0):
 garbage-first heap   total 109568K, used 105583K [0x0000000080000000, 0x0000000100000000)
  region size 1024K, 40 young (40960K), 6 survivors (6144K)
 Metaspace       used 57893K, committed 59456K, reserved 1114112K
  class space    used 7735K, committed 8512K, reserved 1048576K
}
Event: 5.297 GC heap after
{Heap after GC invocations=18 (full 0):
 garbage-first heap   total 118784K, used 75776K [0x0000000080000000, 0x0000000100000000)
  region size 1024K, 5 young (5120K), 5 survivors (5120K)
 Metaspace       used 57893K, committed 59456K, reserved 1114112K
  class space    used 7735K, committed 8512K, reserved 1048576K
}
Event: 5.401 GC heap before
{Heap before GC invocations=18 (full 0):
 garbage-first heap   total 118784K, used 106496K [0x0000000080000000, 0x0000000100000000)
  region size 1024K, 35 young (35840K), 5 survivors (5120K)
 Metaspace       used 58833K, committed 60480K, reserved 1114112K
  class space    used 7868K, committed 8704K, reserved 1048576K
}
Event: 5.404 GC heap after
{Heap after GC invocations=19 (full 0):
 garbage-first heap   total 118784K, used 76859K [0x0000000080000000, 0x0000000100000000)
  region size 1024K, 1 young (1024K), 1 survivors (1024K)
 Metaspace       used 58833K, committed 60480K, reserved 1114112K
  class space    used 7868K, committed 8704K, reserved 1048576K
}
Event: 5.760 GC heap before
{Heap before GC invocations=19 (full 0):
 garbage-first heap   total 118784K, used 107579K [0x0000000080000000, 0x0000000100000000)
  region size 1024K, 31 young (31744K), 1 survivors (1024K)
 Metaspace       used 64121K, committed 65728K, reserved 1114112K
  class space    used 8988K, committed 9792K, reserved 1048576K
}
Event: 5.763 GC heap after
{Heap after GC invocations=20 (full 0):
 garbage-first heap   total 143360K, used 79442K [0x0000000080000000, 0x0000000100000000)
  region size 1024K, 4 young (4096K), 4 survivors (4096K)
 Metaspace       used 64121K, committed 65728K, reserved 1114112K
  class space    used 8988K, committed 9792K, reserved 1048576K
}
Event: 6.122 GC heap before
{Heap before GC invocations=21 (full 0):
 garbage-first heap   total 143360K, used 123474K [0x0000000080000000, 0x0000000100000000)
  region size 1024K, 47 young (48128K), 4 survivors (4096K)
 Metaspace       used 70307K, committed 72064K, reserved 1114112K
  class space    used 9786K, committed 10624K, reserved 1048576K
}
Event: 6.125 GC heap after
{Heap after GC invocations=22 (full 0):
 garbage-first heap   total 143360K, used 80861K [0x0000000080000000, 0x0000000100000000)
  region size 1024K, 5 young (5120K), 5 survivors (5120K)
 Metaspace       used 70307K, committed 72064K, reserved 1114112K
  class space    used 9786K, committed 10624K, reserved 1048576K
}
Event: 6.605 GC heap before
{Heap before GC invocations=22 (full 0):
 garbage-first heap   total 143360K, used 134109K [0x0000000080000000, 0x0000000100000000)
  region size 1024K, 50 young (51200K), 5 survivors (5120K)
 Metaspace       used 77567K, committed 79232K, reserved 1179648K
  class space    used 10674K, committed 11456K, reserved 1048576K
}
Event: 6.608 GC heap after
{Heap after GC invocations=23 (full 0):
 garbage-first heap   total 143360K, used 80926K [0x0000000080000000, 0x0000000100000000)
  region size 1024K, 3 young (3072K), 3 survivors (3072K)
 Metaspace       used 77567K, committed 79232K, reserved 1179648K
  class space    used 10674K, committed 11456K, reserved 1048576K
}
Event: 6.673 GC heap before
{Heap before GC invocations=23 (full 0):
 garbage-first heap   total 143360K, used 85022K [0x0000000080000000, 0x0000000100000000)
  region size 1024K, 8 young (8192K), 3 survivors (3072K)
 Metaspace       used 78484K, committed 80192K, reserved 1179648K
  class space    used 10803K, committed 11648K, reserved 1048576K
}
Event: 6.675 GC heap after
{Heap after GC invocations=24 (full 0):
 garbage-first heap   total 143360K, used 80935K [0x0000000080000000, 0x0000000100000000)
  region size 1024K, 3 young (3072K), 3 survivors (3072K)
 Metaspace       used 78484K, committed 80192K, reserved 1179648K
  class space    used 10803K, committed 11648K, reserved 1048576K
}
Event: 7.015 GC heap before
{Heap before GC invocations=25 (full 0):
 garbage-first heap   total 148480K, used 138279K [0x0000000080000000, 0x0000000100000000)
  region size 1024K, 51 young (52224K), 3 survivors (3072K)
 Metaspace       used 79878K, committed 81536K, reserved 1179648K
  class space    used 10969K, committed 11776K, reserved 1048576K
}
Event: 7.025 GC heap after
{Heap after GC invocations=26 (full 0):
 garbage-first heap   total 154624K, used 94620K [0x0000000080000000, 0x0000000100000000)
  region size 1024K, 7 young (7168K), 7 survivors (7168K)
 Metaspace       used 79878K, committed 81536K, reserved 1179648K
  class space    used 10969K, committed 11776K, reserved 1048576K
}
Event: 7.520 GC heap before
{Heap before GC invocations=26 (full 0):
 garbage-first heap   total 154624K, used 143772K [0x0000000080000000, 0x0000000100000000)
  region size 1024K, 48 young (49152K), 7 survivors (7168K)
 Metaspace       used 85040K, committed 86720K, reserved 1179648K
  class space    used 11529K, committed 12352K, reserved 1048576K
}
Event: 7.526 GC heap after
{Heap after GC invocations=27 (full 0):
 garbage-first heap   total 157696K, used 105646K [0x0000000080000000, 0x0000000100000000)
  region size 1024K, 4 young (4096K), 4 survivors (4096K)
 Metaspace       used 85040K, committed 86720K, reserved 1179648K
  class space    used 11529K, committed 12352K, reserved 1048576K
}
Event: 7.861 GC heap before
{Heap before GC invocations=27 (full 0):
 garbage-first heap   total 157696K, used 141486K [0x0000000080000000, 0x0000000100000000)
  region size 1024K, 40 young (40960K), 4 survivors (4096K)
 Metaspace       used 89965K, committed 91776K, reserved 1179648K
  class space    used 11988K, committed 12864K, reserved 1048576K
}
Event: 7.864 GC heap after
{Heap after GC invocations=28 (full 0):
 garbage-first heap   total 157696K, used 108314K [0x0000000080000000, 0x0000000100000000)
  region size 1024K, 3 young (3072K), 3 survivors (3072K)
 Metaspace       used 89965K, committed 91776K, reserved 1179648K
  class space    used 11988K, committed 12864K, reserved 1048576K
}

