# JRE version: OpenJDK Runtime Environment (21.0.6) (build 21.0.6+-13355223-b631.42)
# Java VM: OpenJDK 64-Bit Server VM (21.0.6+-13355223-b631.42, mixed mode, tiered, compressed oops, compressed class ptrs, g1 gc, windows-amd64)
GC Precious Log:
 CardTable entry size: 512
 Card Set container configuration: InlinePtr #cards 5 size 8 Array Of Cards #cards 12 size 40 Howl #buckets 4 coarsen threshold 1843 Howl Bitmap #cards 512 size 80 coarsen threshold 460 Card regions per heap region 1 cards per card region 2048
 CPUs: 12 total, 12 available
 Memory: 16085M
 Large Page Support: Disabled
 NUMA Support: Disabled
 Compressed Oops: Enabled (32-bit)
 Heap Region Size: 1M
 Heap Min Capacity: 8M
 Heap Initial Capacity: 252M
 Heap Max Capacity: 2G
 Pre-touch: Disabled
 Parallel Workers: 10
 Concurrent Workers: 3
 Concurrent Refinement Workers: 10
 Periodic GC: Disabled
Heap:
 garbage-first heap   total 152576K, used 109139K [0x0000000080000000, 0x0000000100000000)
  region size 1024K, 36 young (36864K), 6 survivors (6144K)
 Metaspace       used 61614K, committed 63232K, reserved 1114112K
  class space    used 8367K, committed 9152K, reserved 1048576K
GC Heap History (20 events):
Event: 1.613 GC heap before
{Heap before GC invocations=3 (full 0):
 garbage-first heap   total 258048K, used 40689K [0x0000000080000000, 0x0000000100000000)
  region size 1024K, 29 young (29696K), 6 survivors (6144K)
 Metaspace       used 21237K, committed 21504K, reserved 1114112K
  class space    used 2440K, committed 2560K, reserved 1048576K
}
Event: 1.616 GC heap after
{Heap after GC invocations=4 (full 0):
 garbage-first heap   total 258048K, used 20690K [0x0000000080000000, 0x0000000100000000)
  region size 1024K, 9 young (9216K), 9 survivors (9216K)
 Metaspace       used 21237K, committed 21504K, reserved 1114112K
  class space    used 2440K, committed 2560K, reserved 1048576K
}
Event: 2.220 GC heap before
{Heap before GC invocations=5 (full 0):
 garbage-first heap   total 71680K, used 69842K [0x0000000080000000, 0x0000000100000000)
  region size 1024K, 58 young (59392K), 9 survivors (9216K)
 Metaspace       used 29488K, committed 30080K, reserved 1114112K
  class space    used 3753K, committed 4032K, reserved 1048576K
}
Event: 2.225 GC heap after
{Heap after GC invocations=6 (full 0):
 garbage-first heap   total 83968K, used 23613K [0x0000000080000000, 0x0000000100000000)
  region size 1024K, 12 young (12288K), 12 survivors (12288K)
 Metaspace       used 29488K, committed 30080K, reserved 1114112K
  class space    used 3753K, committed 4032K, reserved 1048576K
}
Event: 2.639 GC heap before
{Heap before GC invocations=6 (full 0):
 garbage-first heap   total 83968K, used 61501K [0x0000000080000000, 0x0000000100000000)
  region size 1024K, 49 young (50176K), 12 survivors (12288K)
 Metaspace       used 34444K, committed 35264K, reserved 1114112K
  class space    used 4614K, committed 4992K, reserved 1048576K
}
Event: 2.644 GC heap after
{Heap after GC invocations=7 (full 0):
 garbage-first heap   total 83968K, used 25783K [0x0000000080000000, 0x0000000100000000)
  region size 1024K, 6 young (6144K), 6 survivors (6144K)
 Metaspace       used 34444K, committed 35264K, reserved 1114112K
  class space    used 4614K, committed 4992K, reserved 1048576K
}
Event: 2.756 GC heap before
{Heap before GC invocations=7 (full 0):
 garbage-first heap   total 83968K, used 46263K [0x0000000080000000, 0x0000000100000000)
  region size 1024K, 15 young (15360K), 6 survivors (6144K)
 Metaspace       used 35108K, committed 35968K, reserved 1114112K
  class space    used 4722K, committed 5120K, reserved 1048576K
}
Event: 2.759 GC heap after
{Heap after GC invocations=8 (full 0):
 garbage-first heap   total 83968K, used 41398K [0x0000000080000000, 0x0000000100000000)
  region size 1024K, 6 young (6144K), 6 survivors (6144K)
 Metaspace       used 35108K, committed 35968K, reserved 1114112K
  class space    used 4722K, committed 5120K, reserved 1048576K
}
Event: 3.063 GC heap before
{Heap before GC invocations=9 (full 0):
 garbage-first heap   total 83968K, used 71094K [0x0000000080000000, 0x0000000100000000)
  region size 1024K, 35 young (35840K), 6 survivors (6144K)
 Metaspace       used 38649K, committed 39680K, reserved 1114112K
  class space    used 5276K, committed 5824K, reserved 1048576K
}
Event: 3.066 GC heap after
{Heap after GC invocations=10 (full 0):
 garbage-first heap   total 83968K, used 45043K [0x0000000080000000, 0x0000000100000000)
  region size 1024K, 3 young (3072K), 3 survivors (3072K)
 Metaspace       used 38649K, committed 39680K, reserved 1114112K
  class space    used 5276K, committed 5824K, reserved 1048576K
}
Event: 3.289 GC heap before
{Heap before GC invocations=10 (full 0):
 garbage-first heap   total 83968K, used 71667K [0x0000000080000000, 0x0000000100000000)
  region size 1024K, 30 young (30720K), 3 survivors (3072K)
 Metaspace       used 42402K, committed 43712K, reserved 1114112K
  class space    used 5883K, committed 6528K, reserved 1048576K
}
Event: 3.294 GC heap after
{Heap after GC invocations=11 (full 0):
 garbage-first heap   total 116736K, used 46125K [0x0000000080000000, 0x0000000100000000)
  region size 1024K, 4 young (4096K), 4 survivors (4096K)
 Metaspace       used 42402K, committed 43712K, reserved 1114112K
  class space    used 5883K, committed 6528K, reserved 1048576K
}
Event: 3.695 GC heap before
{Heap before GC invocations=11 (full 0):
 garbage-first heap   total 116736K, used 98349K [0x0000000080000000, 0x0000000100000000)
  region size 1024K, 56 young (57344K), 4 survivors (4096K)
 Metaspace       used 49307K, committed 50688K, reserved 1114112K
  class space    used 6662K, committed 7360K, reserved 1048576K
}
Event: 3.700 GC heap after
{Heap after GC invocations=12 (full 0):
 garbage-first heap   total 116736K, used 51672K [0x0000000080000000, 0x0000000100000000)
  region size 1024K, 7 young (7168K), 7 survivors (7168K)
 Metaspace       used 49307K, committed 50688K, reserved 1114112K
  class space    used 6662K, committed 7360K, reserved 1048576K
}
Event: 4.146 GC heap before
{Heap before GC invocations=12 (full 0):
 garbage-first heap   total 116736K, used 104920K [0x0000000080000000, 0x0000000100000000)
  region size 1024K, 55 young (56320K), 7 survivors (7168K)
 Metaspace       used 55673K, committed 57216K, reserved 1114112K
  class space    used 7542K, committed 8320K, reserved 1048576K
}
Event: 4.151 GC heap after
{Heap after GC invocations=13 (full 0):
 garbage-first heap   total 118784K, used 57040K [0x0000000080000000, 0x0000000100000000)
  region size 1024K, 5 young (5120K), 5 survivors (5120K)
 Metaspace       used 55673K, committed 57216K, reserved 1114112K
  class space    used 7542K, committed 8320K, reserved 1048576K
}
Event: 4.257 GC heap before
{Heap before GC invocations=13 (full 0):
 garbage-first heap   total 118784K, used 65232K [0x0000000080000000, 0x0000000100000000)
  region size 1024K, 14 young (14336K), 5 survivors (5120K)
 Metaspace       used 56323K, committed 57856K, reserved 1114112K
  class space    used 7660K, committed 8384K, reserved 1048576K
}
Event: 4.260 GC heap after
{Heap after GC invocations=14 (full 0):
 garbage-first heap   total 118784K, used 59167K [0x0000000080000000, 0x0000000100000000)
  region size 1024K, 3 young (3072K), 3 survivors (3072K)
 Metaspace       used 56323K, committed 57856K, reserved 1114112K
  class space    used 7660K, committed 8384K, reserved 1048576K
}
Event: 4.643 GC heap before
{Heap before GC invocations=15 (full 0):
 garbage-first heap   total 118784K, used 116511K [0x0000000080000000, 0x0000000100000000)
  region size 1024K, 44 young (45056K), 3 survivors (3072K)
 Metaspace       used 58985K, committed 60544K, reserved 1114112K
  class space    used 7889K, committed 8640K, reserved 1048576K
}
Event: 4.646 GC heap after
{Heap after GC invocations=16 (full 0):
 garbage-first heap   total 152576K, used 79443K [0x0000000080000000, 0x0000000100000000)
  region size 1024K, 6 young (6144K), 6 survivors (6144K)
 Metaspace       used 58985K, committed 60544K, reserved 1114112K
  class space    used 7889K, committed 8640K, reserved 1048576K
}

