# JRE version: OpenJDK Runtime Environment (21.0.6) (build 21.0.6+-13355223-b631.42)
# Java VM: OpenJDK 64-Bit Server VM (21.0.6+-13355223-b631.42, mixed mode, tiered, compressed oops, compressed class ptrs, g1 gc, windows-amd64)
GC Precious Log:
 CardTable entry size: 512
 Card Set container configuration: InlinePtr #cards 5 size 8 Array Of Cards #cards 12 size 40 Howl #buckets 4 coarsen threshold 1843 Howl Bitmap #cards 512 size 80 coarsen threshold 460 Card regions per heap region 1 cards per card region 2048
 CPUs: 12 total, 12 available
 Memory: 16085M
 Large Page Support: Disabled
 NUMA Support: Disabled
 Compressed Oops: Enabled (32-bit)
 Heap Region Size: 1M
 Heap Min Capacity: 8M
 Heap Initial Capacity: 252M
 Heap Max Capacity: 2G
 Pre-touch: Disabled
 Parallel Workers: 10
 Concurrent Workers: 3
 Concurrent Refinement Workers: 10
 Periodic GC: Disabled
Heap:
 garbage-first heap   total 176128K, used 107590K [0x0000000080000000, 0x0000000100000000)
  region size 1024K, 5 young (5120K), 5 survivors (5120K)
 Metaspace       used 88158K, committed 89856K, reserved 1179648K
  class space    used 11782K, committed 12608K, reserved 1048576K
GC Heap History (20 events):
Event: 3.456 GC heap after
{Heap after GC invocations=12 (full 0):
 garbage-first heap   total 122880K, used 48895K [0x0000000080000000, 0x0000000100000000)
  region size 1024K, 4 young (4096K), 4 survivors (4096K)
 Metaspace       used 45924K, committed 47168K, reserved 1114112K
  class space    used 6313K, committed 6912K, reserved 1048576K
}
Event: 3.818 GC heap before
{Heap before GC invocations=13 (full 0):
 garbage-first heap   total 122880K, used 100095K [0x0000000080000000, 0x0000000100000000)
  region size 1024K, 50 young (51200K), 4 survivors (4096K)
 Metaspace       used 51043K, committed 52416K, reserved 1114112K
  class space    used 6782K, committed 7424K, reserved 1048576K
}
Event: 3.822 GC heap after
{Heap after GC invocations=14 (full 0):
 garbage-first heap   total 122880K, used 54012K [0x0000000080000000, 0x0000000100000000)
  region size 1024K, 7 young (7168K), 7 survivors (7168K)
 Metaspace       used 51043K, committed 52416K, reserved 1114112K
  class space    used 6782K, committed 7424K, reserved 1048576K
}
Event: 4.228 GC heap before
{Heap before GC invocations=14 (full 0):
 garbage-first heap   total 122880K, used 99068K [0x0000000080000000, 0x0000000100000000)
  region size 1024K, 51 young (52224K), 7 survivors (7168K)
 Metaspace       used 56124K, committed 57664K, reserved 1114112K
  class space    used 7637K, committed 8384K, reserved 1048576K
}
Event: 4.233 GC heap after
{Heap after GC invocations=15 (full 0):
 garbage-first heap   total 122880K, used 57808K [0x0000000080000000, 0x0000000100000000)
  region size 1024K, 4 young (4096K), 4 survivors (4096K)
 Metaspace       used 56124K, committed 57664K, reserved 1114112K
  class space    used 7637K, committed 8384K, reserved 1048576K
}
Event: 4.278 GC heap before
{Heap before GC invocations=15 (full 0):
 garbage-first heap   total 122880K, used 59856K [0x0000000080000000, 0x0000000100000000)
  region size 1024K, 7 young (7168K), 4 survivors (4096K)
 Metaspace       used 56245K, committed 57792K, reserved 1114112K
  class space    used 7658K, committed 8448K, reserved 1048576K
}
Event: 4.280 GC heap after
{Heap after GC invocations=16 (full 0):
 garbage-first heap   total 122880K, used 58895K [0x0000000080000000, 0x0000000100000000)
  region size 1024K, 2 young (2048K), 2 survivors (2048K)
 Metaspace       used 56245K, committed 57792K, reserved 1114112K
  class space    used 7658K, committed 8448K, reserved 1048576K
}
Event: 4.680 GC heap before
{Heap before GC invocations=17 (full 0):
 garbage-first heap   total 122880K, used 114191K [0x0000000080000000, 0x0000000100000000)
  region size 1024K, 41 young (41984K), 2 survivors (2048K)
 Metaspace       used 58961K, committed 60608K, reserved 1114112K
  class space    used 7888K, committed 8704K, reserved 1048576K
}
Event: 4.683 GC heap after
{Heap after GC invocations=18 (full 0):
 garbage-first heap   total 150528K, used 80690K [0x0000000080000000, 0x0000000100000000)
  region size 1024K, 6 young (6144K), 6 survivors (6144K)
 Metaspace       used 58961K, committed 60608K, reserved 1114112K
  class space    used 7888K, committed 8704K, reserved 1048576K
}
Event: 4.968 GC heap before
{Heap before GC invocations=18 (full 0):
 garbage-first heap   total 150528K, used 124722K [0x0000000080000000, 0x0000000100000000)
  region size 1024K, 49 young (50176K), 6 survivors (6144K)
 Metaspace       used 63851K, committed 65472K, reserved 1114112K
  class space    used 8950K, committed 9792K, reserved 1048576K
}
Event: 4.972 GC heap after
{Heap after GC invocations=19 (full 0):
 garbage-first heap   total 150528K, used 81110K [0x0000000080000000, 0x0000000100000000)
  region size 1024K, 2 young (2048K), 2 survivors (2048K)
 Metaspace       used 63851K, committed 65472K, reserved 1114112K
  class space    used 8950K, committed 9792K, reserved 1048576K
}
Event: 5.390 GC heap before
{Heap before GC invocations=19 (full 0):
 garbage-first heap   total 150528K, used 127190K [0x0000000080000000, 0x0000000100000000)
  region size 1024K, 47 young (48128K), 2 survivors (2048K)
 Metaspace       used 70315K, committed 71936K, reserved 1114112K
  class space    used 9770K, committed 10560K, reserved 1048576K
}
Event: 5.392 GC heap after
{Heap after GC invocations=20 (full 0):
 garbage-first heap   total 150528K, used 82343K [0x0000000080000000, 0x0000000100000000)
  region size 1024K, 3 young (3072K), 3 survivors (3072K)
 Metaspace       used 70315K, committed 71936K, reserved 1114112K
  class space    used 9770K, committed 10560K, reserved 1048576K
}
Event: 5.858 GC heap before
{Heap before GC invocations=21 (full 0):
 garbage-first heap   total 150528K, used 137639K [0x0000000080000000, 0x0000000100000000)
  region size 1024K, 50 young (51200K), 3 survivors (3072K)
 Metaspace       used 77787K, committed 79424K, reserved 1179648K
  class space    used 10709K, committed 11520K, reserved 1048576K
}
Event: 5.862 GC heap after
{Heap after GC invocations=22 (full 0):
 garbage-first heap   total 150528K, used 83408K [0x0000000080000000, 0x0000000100000000)
  region size 1024K, 4 young (4096K), 4 survivors (4096K)
 Metaspace       used 77787K, committed 79424K, reserved 1179648K
  class space    used 10709K, committed 11520K, reserved 1048576K
}
Event: 6.110 GC heap before
{Heap before GC invocations=22 (full 0):
 garbage-first heap   total 150528K, used 140752K [0x0000000080000000, 0x0000000100000000)
  region size 1024K, 53 young (54272K), 4 survivors (4096K)
 Metaspace       used 79657K, committed 81344K, reserved 1179648K
  class space    used 10927K, committed 11712K, reserved 1048576K
}
Event: 6.121 GC heap after
{Heap after GC invocations=23 (full 0):
 garbage-first heap   total 160768K, used 96256K [0x0000000080000000, 0x0000000100000000)
  region size 1024K, 7 young (7168K), 7 survivors (7168K)
 Metaspace       used 79657K, committed 81344K, reserved 1179648K
  class space    used 10927K, committed 11712K, reserved 1048576K
}
Event: 6.345 GC heap before
{Heap before GC invocations=23 (full 0):
 garbage-first heap   total 160768K, used 120832K [0x0000000080000000, 0x0000000100000000)
  region size 1024K, 32 young (32768K), 7 survivors (7168K)
 Metaspace       used 83329K, committed 85056K, reserved 1179648K
  class space    used 11344K, committed 12160K, reserved 1048576K
}
Event: 6.351 GC heap after
{Heap after GC invocations=24 (full 0):
 garbage-first heap   total 160768K, used 98621K [0x0000000080000000, 0x0000000100000000)
  region size 1024K, 2 young (2048K), 2 survivors (2048K)
 Metaspace       used 83329K, committed 85056K, reserved 1179648K
  class space    used 11344K, committed 12160K, reserved 1048576K
}
Event: 6.742 GC heap before
{Heap before GC invocations=25 (full 0):
 garbage-first heap   total 176128K, used 148797K [0x0000000080000000, 0x0000000100000000)
  region size 1024K, 45 young (46080K), 2 survivors (2048K)
 Metaspace       used 88158K, committed 89856K, reserved 1179648K
  class space    used 11782K, committed 12608K, reserved 1048576K
}

