# JRE version: OpenJDK Runtime Environment (21.0.6) (build 21.0.6+-13355223-b631.42)
# Java VM: OpenJDK 64-Bit Server VM (21.0.6+-13355223-b631.42, mixed mode, tiered, compressed oops, compressed class ptrs, g1 gc, windows-amd64)
GC Precious Log:
 CardTable entry size: 512
 Card Set container configuration: InlinePtr #cards 5 size 8 Array Of Cards #cards 12 size 40 Howl #buckets 4 coarsen threshold 1843 Howl Bitmap #cards 512 size 80 coarsen threshold 460 Card regions per heap region 1 cards per card region 2048
 CPUs: 12 total, 12 available
 Memory: 16085M
 Large Page Support: Disabled
 NUMA Support: Disabled
 Compressed Oops: Enabled (32-bit)
 Heap Region Size: 1M
 Heap Min Capacity: 8M
 Heap Initial Capacity: 252M
 Heap Max Capacity: 2G
 Pre-touch: Disabled
 Parallel Workers: 10
 Concurrent Workers: 3
 Concurrent Refinement Workers: 10
 Periodic GC: Disabled
Heap:
 garbage-first heap   total 145408K, used 106909K [0x0000000080000000, 0x0000000100000000)
  region size 1024K, 31 young (31744K), 4 survivors (4096K)
 Metaspace       used 62034K, committed 63616K, reserved 1114112K
  class space    used 8527K, committed 9280K, reserved 1048576K
GC Heap History (20 events):
Event: 2.165 GC heap before
{Heap before GC invocations=5 (full 0):
 garbage-first heap   total 71680K, used 69953K [0x0000000080000000, 0x0000000100000000)
  region size 1024K, 58 young (59392K), 9 survivors (9216K)
 Metaspace       used 29294K, committed 29824K, reserved 1114112K
  class space    used 3730K, committed 3968K, reserved 1048576K
}
Event: 2.171 GC heap after
{Heap after GC invocations=6 (full 0):
 garbage-first heap   total 82944K, used 23424K [0x0000000080000000, 0x0000000100000000)
  region size 1024K, 11 young (11264K), 11 survivors (11264K)
 Metaspace       used 29294K, committed 29824K, reserved 1114112K
  class space    used 3730K, committed 3968K, reserved 1048576K
}
Event: 2.581 GC heap before
{Heap before GC invocations=6 (full 0):
 garbage-first heap   total 82944K, used 60288K [0x0000000080000000, 0x0000000100000000)
  region size 1024K, 48 young (49152K), 11 survivors (11264K)
 Metaspace       used 34324K, committed 35200K, reserved 1114112K
  class space    used 4584K, committed 4992K, reserved 1048576K
}
Event: 2.586 GC heap after
{Heap after GC invocations=7 (full 0):
 garbage-first heap   total 82944K, used 25922K [0x0000000080000000, 0x0000000100000000)
  region size 1024K, 6 young (6144K), 6 survivors (6144K)
 Metaspace       used 34324K, committed 35200K, reserved 1114112K
  class space    used 4584K, committed 4992K, reserved 1048576K
}
Event: 2.712 GC heap before
{Heap before GC invocations=7 (full 0):
 garbage-first heap   total 82944K, used 46402K [0x0000000080000000, 0x0000000100000000)
  region size 1024K, 16 young (16384K), 6 survivors (6144K)
 Metaspace       used 35120K, committed 35968K, reserved 1114112K
  class space    used 4721K, committed 5120K, reserved 1048576K
}
Event: 2.715 GC heap after
{Heap after GC invocations=8 (full 0):
 garbage-first heap   total 82944K, used 41550K [0x0000000080000000, 0x0000000100000000)
  region size 1024K, 6 young (6144K), 6 survivors (6144K)
 Metaspace       used 35120K, committed 35968K, reserved 1114112K
  class space    used 4721K, committed 5120K, reserved 1048576K
}
Event: 3.053 GC heap before
{Heap before GC invocations=9 (full 0):
 garbage-first heap   total 82944K, used 71246K [0x0000000080000000, 0x0000000100000000)
  region size 1024K, 35 young (35840K), 6 survivors (6144K)
 Metaspace       used 38674K, committed 39616K, reserved 1114112K
  class space    used 5274K, committed 5760K, reserved 1048576K
}
Event: 3.056 GC heap after
{Heap after GC invocations=10 (full 0):
 garbage-first heap   total 82944K, used 45202K [0x0000000080000000, 0x0000000100000000)
  region size 1024K, 3 young (3072K), 3 survivors (3072K)
 Metaspace       used 38674K, committed 39616K, reserved 1114112K
  class space    used 5274K, committed 5760K, reserved 1048576K
}
Event: 3.279 GC heap before
{Heap before GC invocations=10 (full 0):
 garbage-first heap   total 82944K, used 72850K [0x0000000080000000, 0x0000000100000000)
  region size 1024K, 30 young (30720K), 3 survivors (3072K)
 Metaspace       used 42419K, committed 43648K, reserved 1114112K
  class space    used 5886K, committed 6528K, reserved 1048576K
}
Event: 3.283 GC heap after
{Heap after GC invocations=11 (full 0):
 garbage-first heap   total 82944K, used 46541K [0x0000000080000000, 0x0000000100000000)
  region size 1024K, 2 young (2048K), 2 survivors (2048K)
 Metaspace       used 42419K, committed 43648K, reserved 1114112K
  class space    used 5886K, committed 6528K, reserved 1048576K
}
Event: 3.582 GC heap before
{Heap before GC invocations=11 (full 0):
 garbage-first heap   total 82944K, used 73165K [0x0000000080000000, 0x0000000100000000)
  region size 1024K, 29 young (29696K), 2 survivors (2048K)
 Metaspace       used 48250K, committed 49600K, reserved 1114112K
  class space    used 6588K, committed 7232K, reserved 1048576K
}
Event: 3.585 GC heap after
{Heap after GC invocations=12 (full 0):
 garbage-first heap   total 110592K, used 49807K [0x0000000080000000, 0x0000000100000000)
  region size 1024K, 4 young (4096K), 4 survivors (4096K)
 Metaspace       used 48250K, committed 49600K, reserved 1114112K
  class space    used 6588K, committed 7232K, reserved 1048576K
}
Event: 3.908 GC heap before
{Heap before GC invocations=13 (full 0):
 garbage-first heap   total 110592K, used 98959K [0x0000000080000000, 0x0000000100000000)
  region size 1024K, 48 young (49152K), 4 survivors (4096K)
 Metaspace       used 51899K, committed 53376K, reserved 1114112K
  class space    used 6933K, committed 7680K, reserved 1048576K
}
Event: 3.912 GC heap after
{Heap after GC invocations=14 (full 0):
 garbage-first heap   total 110592K, used 54902K [0x0000000080000000, 0x0000000100000000)
  region size 1024K, 6 young (6144K), 6 survivors (6144K)
 Metaspace       used 51899K, committed 53376K, reserved 1114112K
  class space    used 6933K, committed 7680K, reserved 1048576K
}
Event: 4.290 GC heap before
{Heap before GC invocations=14 (full 0):
 garbage-first heap   total 110592K, used 97910K [0x0000000080000000, 0x0000000100000000)
  region size 1024K, 46 young (47104K), 6 survivors (6144K)
 Metaspace       used 56343K, committed 57856K, reserved 1114112K
  class space    used 7675K, committed 8448K, reserved 1048576K
}
Event: 4.294 GC heap after
{Heap after GC invocations=15 (full 0):
 garbage-first heap   total 110592K, used 61522K [0x0000000080000000, 0x0000000100000000)
  region size 1024K, 5 young (5120K), 5 survivors (5120K)
 Metaspace       used 56343K, committed 57856K, reserved 1114112K
  class space    used 7675K, committed 8448K, reserved 1048576K
}
Event: 4.430 GC heap before
{Heap before GC invocations=15 (full 0):
 garbage-first heap   total 110592K, used 74834K [0x0000000080000000, 0x0000000100000000)
  region size 1024K, 19 young (19456K), 5 survivors (5120K)
 Metaspace       used 56622K, committed 58176K, reserved 1114112K
  class space    used 7683K, committed 8448K, reserved 1048576K
}
Event: 4.433 GC heap after
{Heap after GC invocations=16 (full 0):
 garbage-first heap   total 110592K, used 64641K [0x0000000080000000, 0x0000000100000000)
  region size 1024K, 5 young (5120K), 5 survivors (5120K)
 Metaspace       used 56622K, committed 58176K, reserved 1114112K
  class space    used 7683K, committed 8448K, reserved 1048576K
}
Event: 4.670 GC heap before
{Heap before GC invocations=17 (full 0):
 garbage-first heap   total 119808K, used 109697K [0x0000000080000000, 0x0000000100000000)
  region size 1024K, 36 young (36864K), 5 survivors (5120K)
 Metaspace       used 58976K, committed 60544K, reserved 1114112K
  class space    used 7893K, committed 8640K, reserved 1048576K
}
Event: 4.673 GC heap after
{Heap after GC invocations=18 (full 0):
 garbage-first heap   total 145408K, used 80285K [0x0000000080000000, 0x0000000100000000)
  region size 1024K, 4 young (4096K), 4 survivors (4096K)
 Metaspace       used 58976K, committed 60544K, reserved 1114112K
  class space    used 7893K, committed 8640K, reserved 1048576K
}

