# JRE version: OpenJDK Runtime Environment (21.0.6) (build 21.0.6+-13355223-b631.42)
# Java VM: OpenJDK 64-Bit Server VM (21.0.6+-13355223-b631.42, mixed mode, tiered, compressed oops, compressed class ptrs, g1 gc, windows-amd64)
GC Precious Log:
 CardTable entry size: 512
 Card Set container configuration: InlinePtr #cards 5 size 8 Array Of Cards #cards 12 size 40 Howl #buckets 4 coarsen threshold 1843 Howl Bitmap #cards 512 size 80 coarsen threshold 460 Card regions per heap region 1 cards per card region 2048
 CPUs: 12 total, 12 available
 Memory: 16085M
 Large Page Support: Disabled
 NUMA Support: Disabled
 Compressed Oops: Enabled (32-bit)
 Heap Region Size: 1M
 Heap Min Capacity: 8M
 Heap Initial Capacity: 252M
 Heap Max Capacity: 2G
 Pre-touch: Disabled
 Parallel Workers: 10
 Concurrent Workers: 3
 Concurrent Refinement Workers: 10
 Periodic GC: Disabled
Heap:
 garbage-first heap   total 271360K, used 137528K [0x0000000080000000, 0x0000000100000000)
  region size 1024K, 6 young (6144K), 6 survivors (6144K)
 Metaspace       used 74080K, committed 75968K, reserved 1114112K
  class space    used 10152K, committed 11072K, reserved 1048576K
GC Heap History (20 events):
Event: 4.970 GC heap after
{Heap after GC invocations=16 (full 0):
 garbage-first heap   total 132096K, used 80054K [0x0000000080000000, 0x0000000100000000)
  region size 1024K, 4 young (4096K), 4 survivors (4096K)
 Metaspace       used 59017K, committed 60672K, reserved 1114112K
  class space    used 7888K, committed 8704K, reserved 1048576K
}
Event: 5.295 GC heap before
{Heap before GC invocations=16 (full 0):
 garbage-first heap   total 132096K, used 116918K [0x0000000080000000, 0x0000000100000000)
  region size 1024K, 40 young (40960K), 4 survivors (4096K)
 Metaspace       used 63716K, committed 65408K, reserved 1114112K
  class space    used 8541K, committed 9408K, reserved 1048576K
}
Event: 5.298 GC heap after
{Heap after GC invocations=17 (full 0):
 garbage-first heap   total 132096K, used 81287K [0x0000000080000000, 0x0000000100000000)
  region size 1024K, 3 young (3072K), 3 survivors (3072K)
 Metaspace       used 63716K, committed 65408K, reserved 1114112K
  class space    used 8541K, committed 9408K, reserved 1048576K
}
Event: 5.865 GC heap before
{Heap before GC invocations=17 (full 0):
 garbage-first heap   total 132096K, used 118151K [0x0000000080000000, 0x0000000100000000)
  region size 1024K, 39 young (39936K), 3 survivors (3072K)
 Metaspace       used 68382K, committed 70080K, reserved 1114112K
  class space    used 9281K, committed 10112K, reserved 1048576K
}
Event: 5.868 GC heap after
{Heap after GC invocations=18 (full 0):
 garbage-first heap   total 158720K, used 83629K [0x0000000080000000, 0x0000000100000000)
  region size 1024K, 5 young (5120K), 5 survivors (5120K)
 Metaspace       used 68382K, committed 70080K, reserved 1114112K
  class space    used 9281K, committed 10112K, reserved 1048576K
}
Event: 6.675 GC heap before
{Heap before GC invocations=19 (full 0):
 garbage-first heap   total 158720K, used 134829K [0x0000000080000000, 0x0000000100000000)
  region size 1024K, 56 young (57344K), 5 survivors (5120K)
 Metaspace       used 72608K, committed 74432K, reserved 1114112K
  class space    used 9905K, committed 10816K, reserved 1048576K
}
Event: 6.680 GC heap after
{Heap after GC invocations=20 (full 0):
 garbage-first heap   total 158720K, used 88614K [0x0000000080000000, 0x0000000100000000)
  region size 1024K, 7 young (7168K), 7 survivors (7168K)
 Metaspace       used 72608K, committed 74432K, reserved 1114112K
  class space    used 9905K, committed 10816K, reserved 1048576K
}
Event: 6.951 GC heap before
{Heap before GC invocations=20 (full 0):
 garbage-first heap   total 158720K, used 137766K [0x0000000080000000, 0x0000000100000000)
  region size 1024K, 56 young (57344K), 7 survivors (7168K)
 Metaspace       used 72942K, committed 74752K, reserved 1114112K
  class space    used 9908K, committed 10816K, reserved 1048576K
}
Event: 6.955 GC heap after
{Heap after GC invocations=21 (full 0):
 garbage-first heap   total 158720K, used 90575K [0x0000000080000000, 0x0000000100000000)
  region size 1024K, 4 young (4096K), 4 survivors (4096K)
 Metaspace       used 72942K, committed 74752K, reserved 1114112K
  class space    used 9908K, committed 10816K, reserved 1048576K
}
Event: 7.146 GC heap before
{Heap before GC invocations=21 (full 0):
 garbage-first heap   total 158720K, used 139727K [0x0000000080000000, 0x0000000100000000)
  region size 1024K, 53 young (54272K), 4 survivors (4096K)
 Metaspace       used 73315K, committed 75136K, reserved 1114112K
  class space    used 9961K, committed 10880K, reserved 1048576K
}
Event: 7.148 GC heap after
{Heap after GC invocations=22 (full 0):
 garbage-first heap   total 158720K, used 91867K [0x0000000080000000, 0x0000000100000000)
  region size 1024K, 4 young (4096K), 4 survivors (4096K)
 Metaspace       used 73315K, committed 75136K, reserved 1114112K
  class space    used 9961K, committed 10880K, reserved 1048576K
}
Event: 7.297 GC heap before
{Heap before GC invocations=23 (full 0):
 garbage-first heap   total 158720K, used 141019K [0x0000000080000000, 0x0000000100000000)
  region size 1024K, 53 young (54272K), 4 survivors (4096K)
 Metaspace       used 73971K, committed 75712K, reserved 1114112K
  class space    used 10142K, committed 11008K, reserved 1048576K
}
Event: 7.303 GC heap after
{Heap after GC invocations=24 (full 0):
 garbage-first heap   total 158720K, used 100724K [0x0000000080000000, 0x0000000100000000)
  region size 1024K, 7 young (7168K), 7 survivors (7168K)
 Metaspace       used 73971K, committed 75712K, reserved 1114112K
  class space    used 10142K, committed 11008K, reserved 1048576K
}
Event: 7.386 GC heap before
{Heap before GC invocations=24 (full 0):
 garbage-first heap   total 158720K, used 141684K [0x0000000080000000, 0x0000000100000000)
  region size 1024K, 47 young (48128K), 7 survivors (7168K)
 Metaspace       used 73974K, committed 75776K, reserved 1114112K
  class space    used 10142K, committed 11008K, reserved 1048576K
}
Event: 7.401 GC heap after
{Heap after GC invocations=25 (full 0):
 garbage-first heap   total 166912K, used 115011K [0x0000000080000000, 0x0000000100000000)
  region size 1024K, 6 young (6144K), 6 survivors (6144K)
 Metaspace       used 73974K, committed 75776K, reserved 1114112K
  class space    used 10142K, committed 11008K, reserved 1048576K
}
Event: 7.423 GC heap before
{Heap before GC invocations=25 (full 0):
 garbage-first heap   total 166912K, used 126275K [0x0000000080000000, 0x0000000100000000)
  region size 1024K, 18 young (18432K), 6 survivors (6144K)
 Metaspace       used 73975K, committed 75776K, reserved 1114112K
  class space    used 10142K, committed 11008K, reserved 1048576K
}
Event: 7.438 GC heap after
{Heap after GC invocations=26 (full 0):
 garbage-first heap   total 166912K, used 121359K [0x0000000080000000, 0x0000000100000000)
  region size 1024K, 5 young (5120K), 5 survivors (5120K)
 Metaspace       used 73975K, committed 75776K, reserved 1114112K
  class space    used 10142K, committed 11008K, reserved 1048576K
}
Event: 7.534 GC heap before
{Heap before GC invocations=27 (full 0):
 garbage-first heap   total 204800K, used 145935K [0x0000000080000000, 0x0000000100000000)
  region size 1024K, 28 young (28672K), 5 survivors (5120K)
 Metaspace       used 74000K, committed 75904K, reserved 1114112K
  class space    used 10151K, committed 11072K, reserved 1048576K
}
Event: 7.541 GC heap after
{Heap after GC invocations=28 (full 0):
 garbage-first heap   total 204800K, used 130504K [0x0000000080000000, 0x0000000100000000)
  region size 1024K, 4 young (4096K), 4 survivors (4096K)
 Metaspace       used 74000K, committed 75904K, reserved 1114112K
  class space    used 10151K, committed 11072K, reserved 1048576K
}
Event: 7.666 GC heap before
{Heap before GC invocations=28 (full 0):
 garbage-first heap   total 204800K, used 170440K [0x0000000080000000, 0x0000000100000000)
  region size 1024K, 44 young (45056K), 4 survivors (4096K)
 Metaspace       used 74080K, committed 75968K, reserved 1114112K
  class space    used 10152K, committed 11072K, reserved 1048576K
}

