# JRE version: OpenJDK Runtime Environment (21.0.6) (build 21.0.6+-13355223-b631.42)
# Java VM: OpenJDK 64-Bit Server VM (21.0.6+-13355223-b631.42, mixed mode, tiered, compressed oops, compressed class ptrs, g1 gc, windows-amd64)
GC Precious Log:
 CardTable entry size: 512
 Card Set container configuration: InlinePtr #cards 5 size 8 Array Of Cards #cards 12 size 40 Howl #buckets 4 coarsen threshold 1843 Howl Bitmap #cards 512 size 80 coarsen threshold 460 Card regions per heap region 1 cards per card region 2048
 CPUs: 12 total, 12 available
 Memory: 16085M
 Large Page Support: Disabled
 NUMA Support: Disabled
 Compressed Oops: Enabled (32-bit)
 Heap Region Size: 1M
 Heap Min Capacity: 8M
 Heap Initial Capacity: 252M
 Heap Max Capacity: 2G
 Pre-touch: Disabled
 Parallel Workers: 10
 Concurrent Workers: 3
 Concurrent Refinement Workers: 10
 Periodic GC: Disabled
Heap:
 garbage-first heap   total 156672K, used 131280K [0x0000000080000000, 0x0000000100000000)
  region size 1024K, 3 young (3072K), 3 survivors (3072K)
 Metaspace       used 62799K, committed 64384K, reserved 1114112K
  class space    used 8547K, committed 9344K, reserved 1048576K
GC Heap History (20 events):
Event: 3.799 GC heap after
{Heap after GC invocations=12 (full 0):
 garbage-first heap   total 94208K, used 50629K [0x0000000080000000, 0x0000000100000000)
  region size 1024K, 4 young (4096K), 4 survivors (4096K)
 Metaspace       used 49393K, committed 50752K, reserved 1114112K
  class space    used 6649K, committed 7296K, reserved 1048576K
}
Event: 4.141 GC heap before
{Heap before GC invocations=13 (full 0):
 garbage-first heap   total 94208K, used 87493K [0x0000000080000000, 0x0000000100000000)
  region size 1024K, 36 young (36864K), 4 survivors (4096K)
 Metaspace       used 53905K, committed 55424K, reserved 1114112K
  class space    used 7264K, committed 8000K, reserved 1048576K
}
Event: 4.144 GC heap after
{Heap after GC invocations=14 (full 0):
 garbage-first heap   total 115712K, used 52825K [0x0000000080000000, 0x0000000100000000)
  region size 1024K, 4 young (4096K), 4 survivors (4096K)
 Metaspace       used 53905K, committed 55424K, reserved 1114112K
  class space    used 7264K, committed 8000K, reserved 1048576K
}
Event: 4.580 GC heap before
{Heap before GC invocations=14 (full 0):
 garbage-first heap   total 115712K, used 100953K [0x0000000080000000, 0x0000000100000000)
  region size 1024K, 50 young (51200K), 4 survivors (4096K)
 Metaspace       used 59074K, committed 60608K, reserved 1114112K
  class space    used 8122K, committed 8832K, reserved 1048576K
}
Event: 4.585 GC heap after
{Heap after GC invocations=15 (full 0):
 garbage-first heap   total 115712K, used 58923K [0x0000000080000000, 0x0000000100000000)
  region size 1024K, 7 young (7168K), 7 survivors (7168K)
 Metaspace       used 59074K, committed 60608K, reserved 1114112K
  class space    used 8122K, committed 8832K, reserved 1048576K
}
Event: 4.743 GC heap before
{Heap before GC invocations=15 (full 0):
 garbage-first heap   total 115712K, used 100907K [0x0000000080000000, 0x0000000100000000)
  region size 1024K, 48 young (49152K), 7 survivors (7168K)
 Metaspace       used 59324K, committed 60736K, reserved 1114112K
  class space    used 8136K, committed 8832K, reserved 1048576K
}
Event: 4.748 GC heap after
{Heap after GC invocations=16 (full 0):
 garbage-first heap   total 115712K, used 61936K [0x0000000080000000, 0x0000000100000000)
  region size 1024K, 3 young (3072K), 3 survivors (3072K)
 Metaspace       used 59324K, committed 60736K, reserved 1114112K
  class space    used 8136K, committed 8832K, reserved 1048576K
}
Event: 4.843 GC heap before
{Heap before GC invocations=17 (full 0):
 garbage-first heap   total 115712K, used 103920K [0x0000000080000000, 0x0000000100000000)
  region size 1024K, 44 young (45056K), 3 survivors (3072K)
 Metaspace       used 59337K, committed 60800K, reserved 1114112K
  class space    used 8139K, committed 8832K, reserved 1048576K
}
Event: 4.845 GC heap after
{Heap after GC invocations=18 (full 0):
 garbage-first heap   total 115712K, used 62365K [0x0000000080000000, 0x0000000100000000)
  region size 1024K, 3 young (3072K), 3 survivors (3072K)
 Metaspace       used 59337K, committed 60800K, reserved 1114112K
  class space    used 8139K, committed 8832K, reserved 1048576K
}
Event: 4.964 GC heap before
{Heap before GC invocations=18 (full 0):
 garbage-first heap   total 115712K, used 105373K [0x0000000080000000, 0x0000000100000000)
  region size 1024K, 45 young (46080K), 3 survivors (3072K)
 Metaspace       used 59974K, committed 61504K, reserved 1114112K
  class space    used 8228K, committed 9024K, reserved 1048576K
}
Event: 4.967 GC heap after
{Heap after GC invocations=19 (full 0):
 garbage-first heap   total 115712K, used 62851K [0x0000000080000000, 0x0000000100000000)
  region size 1024K, 4 young (4096K), 4 survivors (4096K)
 Metaspace       used 59974K, committed 61504K, reserved 1114112K
  class space    used 8228K, committed 9024K, reserved 1048576K
}
Event: 5.280 GC heap before
{Heap before GC invocations=19 (full 0):
 garbage-first heap   total 115712K, used 102787K [0x0000000080000000, 0x0000000100000000)
  region size 1024K, 44 young (45056K), 4 survivors (4096K)
 Metaspace       used 62613K, committed 64128K, reserved 1114112K
  class space    used 8540K, committed 9280K, reserved 1048576K
}
Event: 5.288 GC heap after
{Heap after GC invocations=20 (full 0):
 garbage-first heap   total 144384K, used 73953K [0x0000000080000000, 0x0000000100000000)
  region size 1024K, 6 young (6144K), 6 survivors (6144K)
 Metaspace       used 62613K, committed 64128K, reserved 1114112K
  class space    used 8540K, committed 9280K, reserved 1048576K
}
Event: 5.409 GC heap before
{Heap before GC invocations=21 (full 0):
 garbage-first heap   total 144384K, used 127201K [0x0000000080000000, 0x0000000100000000)
  region size 1024K, 56 young (57344K), 6 survivors (6144K)
 Metaspace       used 62647K, committed 64192K, reserved 1114112K
  class space    used 8540K, committed 9280K, reserved 1048576K
}
Event: 5.425 GC heap after
{Heap after GC invocations=22 (full 0):
 garbage-first heap   total 156672K, used 99317K [0x0000000080000000, 0x0000000100000000)
  region size 1024K, 7 young (7168K), 7 survivors (7168K)
 Metaspace       used 62647K, committed 64192K, reserved 1114112K
  class space    used 8540K, committed 9280K, reserved 1048576K
}
Event: 5.502 GC heap before
{Heap before GC invocations=22 (full 0):
 garbage-first heap   total 156672K, used 132085K [0x0000000080000000, 0x0000000100000000)
  region size 1024K, 39 young (39936K), 7 survivors (7168K)
 Metaspace       used 62721K, committed 64320K, reserved 1114112K
  class space    used 8547K, committed 9344K, reserved 1048576K
}
Event: 5.513 GC heap after
{Heap after GC invocations=23 (full 0):
 garbage-first heap   total 156672K, used 114330K [0x0000000080000000, 0x0000000100000000)
  region size 1024K, 5 young (5120K), 5 survivors (5120K)
 Metaspace       used 62721K, committed 64320K, reserved 1114112K
  class space    used 8547K, committed 9344K, reserved 1048576K
}
Event: 5.546 GC heap before
{Heap before GC invocations=23 (full 0):
 garbage-first heap   total 156672K, used 134810K [0x0000000080000000, 0x0000000100000000)
  region size 1024K, 26 young (26624K), 5 survivors (5120K)
 Metaspace       used 62789K, committed 64384K, reserved 1114112K
  class space    used 8547K, committed 9344K, reserved 1048576K
}
Event: 5.554 GC heap after
{Heap after GC invocations=24 (full 0):
 garbage-first heap   total 156672K, used 124160K [0x0000000080000000, 0x0000000100000000)
  region size 1024K, 4 young (4096K), 4 survivors (4096K)
 Metaspace       used 62789K, committed 64384K, reserved 1114112K
  class space    used 8547K, committed 9344K, reserved 1048576K
}
Event: 5.582 GC heap before
{Heap before GC invocations=24 (full 0):
 garbage-first heap   total 156672K, used 139520K [0x0000000080000000, 0x0000000100000000)
  region size 1024K, 19 young (19456K), 4 survivors (4096K)
 Metaspace       used 62799K, committed 64384K, reserved 1114112K
  class space    used 8547K, committed 9344K, reserved 1048576K
}

